2025-04-27 22:41:38,804 [INFO] [31m[1mWARNING: This is a development server. Do not use it in a production deployment. Use a production WSGI server instead.[0m
 * Running on all addresses (0.0.0.0)
 * Running on http://127.0.0.1:5000
 * Running on http://172.18.0.4:5000
2025-04-27 22:41:38,805 [INFO] [33mPress CTRL+C to quit[0m
2025-04-27 22:41:46,799 [INFO] 172.18.0.5 - - [27/Apr/2025 22:41:46] "GET /api/ping HTTP/1.1" 200 -
2025-04-27 22:42:13,779 [INFO] 172.18.0.5 - - [27/Apr/2025 22:42:13] "GET /api/ping HTTP/1.1" 200 -
2025-04-27 22:42:14,753 [INFO] 172.18.0.5 - - [27/Apr/2025 22:42:14] "GET /api/ping HTTP/1.1" 200 -
2025-04-27 22:56:19,434 [INFO] [31m[1mWARNING: This is a development server. Do not use it in a production deployment. Use a production WSGI server instead.[0m
 * Running on all addresses (0.0.0.0)
 * Running on http://127.0.0.1:5000
 * Running on http://172.18.0.4:5000
2025-04-27 22:56:19,434 [INFO] [33mPress CTRL+C to quit[0m
2025-04-27 22:57:12,713 [INFO] 172.18.0.5 GET /api/ping anonymous
2025-04-27 22:57:12,718 [INFO] server responded to 172.18.0.5 with 200
2025-04-27 22:57:12,718 [ERROR] Exception on /api/ping [GET]
Traceback (most recent call last):
  File "/usr/local/lib/python3.11/site-packages/flask/app.py", line 1511, in wsgi_app
    response = self.full_dispatch_request()
               ^^^^^^^^^^^^^^^^^^^^^^^^^^^^
  File "/usr/local/lib/python3.11/site-packages/flask/app.py", line 920, in full_dispatch_request
    return self.finalize_request(rv)
           ^^^^^^^^^^^^^^^^^^^^^^^^^
  File "/usr/local/lib/python3.11/site-packages/flask/app.py", line 941, in finalize_request
    response = self.process_response(response)
               ^^^^^^^^^^^^^^^^^^^^^^^^^^^^^^^
  File "/usr/local/lib/python3.11/site-packages/flask/app.py", line 1319, in process_response
    response = self.ensure_sync(func)(response)
               ^^^^^^^^^^^^^^^^^^^^^^^^^^^^^^^^
  File "/usr/local/lib/python3.11/site-packages/flask_cors/extension.py", line 188, in cors_after_request
    if resp.headers is not None and resp.headers.get(ACL_ORIGIN):
       ^^^^^^^^^^^^
AttributeError: 'NoneType' object has no attribute 'headers'
2025-04-27 22:57:12,720 [INFO] server responded to 172.18.0.5 with 500
2025-04-27 22:57:12,721 [ERROR] Request finalizing failed with an error while handling an error
Traceback (most recent call last):
  File "/usr/local/lib/python3.11/site-packages/flask/app.py", line 1511, in wsgi_app
    response = self.full_dispatch_request()
               ^^^^^^^^^^^^^^^^^^^^^^^^^^^^
  File "/usr/local/lib/python3.11/site-packages/flask/app.py", line 920, in full_dispatch_request
    return self.finalize_request(rv)
           ^^^^^^^^^^^^^^^^^^^^^^^^^
  File "/usr/local/lib/python3.11/site-packages/flask/app.py", line 941, in finalize_request
    response = self.process_response(response)
               ^^^^^^^^^^^^^^^^^^^^^^^^^^^^^^^
  File "/usr/local/lib/python3.11/site-packages/flask/app.py", line 1319, in process_response
    response = self.ensure_sync(func)(response)
               ^^^^^^^^^^^^^^^^^^^^^^^^^^^^^^^^
  File "/usr/local/lib/python3.11/site-packages/flask_cors/extension.py", line 188, in cors_after_request
    if resp.headers is not None and resp.headers.get(ACL_ORIGIN):
       ^^^^^^^^^^^^
AttributeError: 'NoneType' object has no attribute 'headers'

During handling of the above exception, another exception occurred:

Traceback (most recent call last):
  File "/usr/local/lib/python3.11/site-packages/flask/app.py", line 941, in finalize_request
    response = self.process_response(response)
               ^^^^^^^^^^^^^^^^^^^^^^^^^^^^^^^
  File "/usr/local/lib/python3.11/site-packages/flask/app.py", line 1319, in process_response
    response = self.ensure_sync(func)(response)
               ^^^^^^^^^^^^^^^^^^^^^^^^^^^^^^^^
  File "/usr/local/lib/python3.11/site-packages/flask_cors/extension.py", line 188, in cors_after_request
    if resp.headers is not None and resp.headers.get(ACL_ORIGIN):
       ^^^^^^^^^^^^
AttributeError: 'NoneType' object has no attribute 'headers'
2025-04-27 22:57:12,722 [INFO] 172.18.0.5 - - [27/Apr/2025 22:57:12] "[35m[1mGET /api/ping HTTP/1.1[0m" 500 -
2025-04-27 23:02:26,567 [INFO] [31m[1mWARNING: This is a development server. Do not use it in a production deployment. Use a production WSGI server instead.[0m
 * Running on all addresses (0.0.0.0)
 * Running on http://127.0.0.1:5000
 * Running on http://172.18.0.4:5000
2025-04-27 23:02:26,567 [INFO] [33mPress CTRL+C to quit[0m
2025-04-27 23:02:39,840 [INFO] 172.18.0.5 GET /api/ping anonymous
2025-04-27 23:02:39,845 [INFO] server responded to 172.18.0.5 with 200
2025-04-27 23:02:39,846 [ERROR] Exception on /api/ping [GET]
Traceback (most recent call last):
  File "/usr/local/lib/python3.11/site-packages/flask/app.py", line 1511, in wsgi_app
    response = self.full_dispatch_request()
               ^^^^^^^^^^^^^^^^^^^^^^^^^^^^
  File "/usr/local/lib/python3.11/site-packages/flask/app.py", line 920, in full_dispatch_request
    return self.finalize_request(rv)
           ^^^^^^^^^^^^^^^^^^^^^^^^^
  File "/usr/local/lib/python3.11/site-packages/flask/app.py", line 941, in finalize_request
    response = self.process_response(response)
               ^^^^^^^^^^^^^^^^^^^^^^^^^^^^^^^
  File "/usr/local/lib/python3.11/site-packages/flask/app.py", line 1319, in process_response
    response = self.ensure_sync(func)(response)
               ^^^^^^^^^^^^^^^^^^^^^^^^^^^^^^^^
  File "/usr/local/lib/python3.11/site-packages/flask_cors/extension.py", line 188, in cors_after_request
    if resp.headers is not None and resp.headers.get(ACL_ORIGIN):
       ^^^^^^^^^^^^
AttributeError: 'NoneType' object has no attribute 'headers'
2025-04-27 23:02:39,847 [INFO] server responded to 172.18.0.5 with 500
2025-04-27 23:02:39,848 [ERROR] Request finalizing failed with an error while handling an error
Traceback (most recent call last):
  File "/usr/local/lib/python3.11/site-packages/flask/app.py", line 1511, in wsgi_app
    response = self.full_dispatch_request()
               ^^^^^^^^^^^^^^^^^^^^^^^^^^^^
  File "/usr/local/lib/python3.11/site-packages/flask/app.py", line 920, in full_dispatch_request
    return self.finalize_request(rv)
           ^^^^^^^^^^^^^^^^^^^^^^^^^
  File "/usr/local/lib/python3.11/site-packages/flask/app.py", line 941, in finalize_request
    response = self.process_response(response)
               ^^^^^^^^^^^^^^^^^^^^^^^^^^^^^^^
  File "/usr/local/lib/python3.11/site-packages/flask/app.py", line 1319, in process_response
    response = self.ensure_sync(func)(response)
               ^^^^^^^^^^^^^^^^^^^^^^^^^^^^^^^^
  File "/usr/local/lib/python3.11/site-packages/flask_cors/extension.py", line 188, in cors_after_request
    if resp.headers is not None and resp.headers.get(ACL_ORIGIN):
       ^^^^^^^^^^^^
AttributeError: 'NoneType' object has no attribute 'headers'

During handling of the above exception, another exception occurred:

Traceback (most recent call last):
  File "/usr/local/lib/python3.11/site-packages/flask/app.py", line 941, in finalize_request
    response = self.process_response(response)
               ^^^^^^^^^^^^^^^^^^^^^^^^^^^^^^^
  File "/usr/local/lib/python3.11/site-packages/flask/app.py", line 1319, in process_response
    response = self.ensure_sync(func)(response)
               ^^^^^^^^^^^^^^^^^^^^^^^^^^^^^^^^
  File "/usr/local/lib/python3.11/site-packages/flask_cors/extension.py", line 188, in cors_after_request
    if resp.headers is not None and resp.headers.get(ACL_ORIGIN):
       ^^^^^^^^^^^^
AttributeError: 'NoneType' object has no attribute 'headers'
2025-04-27 23:02:39,849 [INFO] 172.18.0.5 - - [27/Apr/2025 23:02:39] "[35m[1mGET /api/ping HTTP/1.1[0m" 500 -
2025-04-27 23:05:45,506 [INFO] [31m[1mWARNING: This is a development server. Do not use it in a production deployment. Use a production WSGI server instead.[0m
 * Running on all addresses (0.0.0.0)
 * Running on http://127.0.0.1:5000
 * Running on http://172.18.0.4:5000
2025-04-27 23:05:45,507 [INFO] [33mPress CTRL+C to quit[0m
2025-04-27 23:06:05,601 [INFO] 172.18.0.5 GET /api/ping anonymous
2025-04-27 23:06:05,605 [INFO] server responded to 172.18.0.5 with 200
2025-04-27 23:06:05,605 [INFO] 172.18.0.5 - - [27/Apr/2025 23:06:05] "GET /api/ping HTTP/1.1" 200 -
2025-04-27 23:22:43,917 [INFO] 172.18.0.5 GET /api/ping anonymous
2025-04-27 23:22:43,922 [INFO] server responded to 172.18.0.5 with 200
2025-04-27 23:23:10,398 [INFO] 172.18.0.5 GET /api/ping anonymous
2025-04-27 23:23:10,400 [INFO] server responded to 172.18.0.5 with 200
2025-04-28 04:07:08,180 [INFO] 172.18.0.4 GET /api/ping anonymous
2025-04-28 04:07:08,194 [INFO] server responded to 172.18.0.4 with 200
2025-04-28 04:07:49,968 [INFO] 172.18.0.4 GET /api/mongo-test anonymous
2025-04-28 04:07:50,021 [INFO] server responded to 172.18.0.4 with 200
2025-04-28 04:07:51,960 [INFO] 172.18.0.4 GET /api/mongo-test anonymous
2025-04-28 04:07:51,965 [INFO] server responded to 172.18.0.4 with 200
2025-04-28 04:07:53,520 [INFO] 172.18.0.4 GET /api/mongo-test anonymous
2025-04-28 04:07:53,525 [INFO] server responded to 172.18.0.4 with 200
2025-04-28 04:20:13,012 [INFO] 172.18.0.4 POST /api/auth/login anonymous
2025-04-28 04:20:13,023 [INFO] server responded to 172.18.0.4 with 401
2025-04-28 04:20:15,951 [INFO] 172.18.0.4 POST /api/auth/login anonymous
2025-04-28 04:20:15,953 [INFO] server responded to 172.18.0.4 with 401
2025-04-28 04:20:18,248 [INFO] 172.18.0.4 POST /api/auth/login anonymous
2025-04-28 04:20:18,252 [INFO] server responded to 172.18.0.4 with 401
2025-04-28 04:20:22,283 [INFO] 172.18.0.4 POST /api/auth/login anonymous
2025-04-28 04:20:22,287 [INFO] server responded to 172.18.0.4 with 401
2025-04-28 04:20:33,218 [INFO] 172.18.0.4 POST /api/auth/signup anonymous
2025-04-28 04:20:33,626 [INFO] server responded to 172.18.0.4 with 201
2025-04-28 04:20:33,675 [INFO] 172.18.0.4 POST /api/auth/login anonymous
2025-04-28 04:20:34,042 [INFO] server responded to 172.18.0.4 with 200
2025-04-28 04:23:07,289 [INFO] 172.18.0.4 POST /api/auth/signup anonymous
2025-04-28 04:23:07,665 [INFO] server responded to 172.18.0.4 with 201
2025-04-28 04:23:07,703 [INFO] 172.18.0.4 POST /api/auth/login anonymous
2025-04-28 04:23:08,052 [INFO] server responded to 172.18.0.4 with 200
2025-04-28 05:11:35,992 [INFO] 172.18.0.4 POST /api/auth/login anonymous
2025-04-28 05:11:36,386 [INFO] server responded to 172.18.0.4 with 200
2025-05-03 12:55:09,956 [INFO] 172.20.0.5 POST /api/auth/login anonymous
2025-05-03 12:55:10,334 [INFO] server responded to 172.20.0.5 with 200
2025-05-03 12:57:21,164 [INFO] 172.20.0.5 POST /api/auth/login anonymous
2025-05-03 12:57:21,536 [INFO] server responded to 172.20.0.5 with 401
2025-05-03 12:57:26,957 [INFO] 172.20.0.5 POST /api/auth/login anonymous
2025-05-03 12:57:27,332 [INFO] server responded to 172.20.0.5 with 200
2025-05-03 15:17:10,561 [INFO] 172.20.0.5 POST /api/auth/login anonymous
2025-05-03 15:17:10,937 [INFO] server responded to 172.20.0.5 with 200
2025-05-03 15:28:34,938 [INFO] 172.20.0.5 POST /api/auth/login anonymous
2025-05-03 15:28:35,320 [INFO] server responded to 172.20.0.5 with 200
2025-05-03 15:29:44,769 [INFO] 172.20.0.5 POST /api/auth/login anonymous
2025-05-03 15:29:45,146 [INFO] server responded to 172.20.0.5 with 200
2025-05-03 15:31:53,936 [INFO] 172.20.0.5 POST /api/auth/login anonymous
2025-05-03 15:31:54,317 [INFO] server responded to 172.20.0.5 with 200
2025-05-03 15:36:47,592 [INFO] 172.20.0.5 POST /api/auth/login anonymous
2025-05-03 15:36:47,969 [INFO] server responded to 172.20.0.5 with 200
2025-05-03 15:36:52,027 [INFO] 172.20.0.5 GET /api/auth/profile anonymous
2025-05-03 15:36:52,033 [INFO] server responded to 172.20.0.5 with 200
2025-05-03 15:37:26,875 [INFO] 172.20.0.5 POST /api/auth/avatar anonymous
2025-05-03 15:37:29,254 [INFO] 172.20.0.5 POST /api/auth/avatar anonymous
2025-05-03 15:37:56,419 [INFO] 172.20.0.5 POST /api/auth/login anonymous
2025-05-03 15:37:56,799 [INFO] server responded to 172.20.0.5 with 200
2025-05-03 15:38:10,729 [INFO] 172.20.0.5 GET /api/auth/profile anonymous
2025-05-03 15:38:10,732 [INFO] server responded to 172.20.0.5 with 200
2025-05-03 15:38:25,580 [INFO] 172.20.0.5 POST /api/auth/avatar anonymous
2025-05-03 15:40:20,098 [INFO] 172.20.0.5 GET /api/auth/avatar anonymous
2025-05-03 15:40:20,100 [INFO] server responded to 172.20.0.5 with 405
2025-05-03 15:47:13,209 [INFO] 172.20.0.5 POST /api/auth/login anonymous
2025-05-03 15:47:13,590 [INFO] server responded to 172.20.0.5 with 200
2025-05-03 15:47:17,548 [INFO] 172.20.0.5 GET /api/auth/profile anonymous
2025-05-03 15:47:17,551 [INFO] server responded to 172.20.0.5 with 200
2025-05-03 15:47:35,509 [INFO] 172.20.0.5 POST /api/auth/avatar anonymous
2025-05-03 15:48:48,378 [INFO] 172.20.0.5 POST /api/auth/login anonymous
2025-05-03 15:48:48,752 [INFO] server responded to 172.20.0.5 with 200
2025-05-03 15:48:52,996 [INFO] 172.20.0.5 GET /api/auth/profile anonymous
2025-05-03 15:48:52,999 [INFO] server responded to 172.20.0.5 with 200
2025-05-03 15:49:15,727 [INFO] 172.20.0.5 POST /api/auth/avatar anonymous
2025-05-03 15:59:34,054 [INFO] 172.20.0.5 POST /api/auth/login anonymous
2025-05-03 15:59:34,450 [INFO] server responded to 172.20.0.5 with 200
2025-05-03 15:59:51,662 [INFO] 172.20.0.5 POST /api/auth/login anonymous
2025-05-03 15:59:52,039 [INFO] server responded to 172.20.0.5 with 200
2025-05-03 16:00:25,661 [INFO] 172.20.0.5 GET /api/auth/profile anonymous
2025-05-03 16:00:25,666 [INFO] server responded to 172.20.0.5 with 200
2025-05-03 16:00:34,741 [INFO] 172.20.0.5 POST /api/auth/avatar anonymous
2025-05-03 16:04:38,417 [INFO] 172.20.0.5 POST /api/auth/login anonymous
2025-05-03 16:04:38,805 [INFO] server responded to 172.20.0.5 with 200
2025-05-03 16:04:41,942 [INFO] 172.20.0.5 GET /api/auth/profile anonymous
2025-05-03 16:04:41,946 [INFO] server responded to 172.20.0.5 with 200
2025-05-03 16:04:50,008 [INFO] 172.20.0.5 POST /api/auth/avatar anonymous
2025-05-03 16:04:50,090 [INFO] server responded to 172.20.0.5 with 200
2025-05-03 16:04:50,101 [INFO] 172.20.0.5 GET /api/auth/profile anonymous
2025-05-03 16:04:50,104 [INFO] server responded to 172.20.0.5 with 200
2025-05-03 16:05:17,613 [INFO] 172.20.0.5 POST /api/auth/avatar anonymous
2025-05-03 16:05:17,642 [INFO] server responded to 172.20.0.5 with 200
2025-05-03 16:05:17,654 [INFO] 172.20.0.5 GET /api/auth/profile anonymous
2025-05-03 16:05:17,656 [INFO] server responded to 172.20.0.5 with 200
2025-05-03 16:06:00,959 [INFO] 172.20.0.5 POST /api/auth/login anonymous
2025-05-03 16:06:01,335 [INFO] server responded to 172.20.0.5 with 200
2025-05-03 16:11:54,185 [INFO] 172.20.0.5 GET /api/auth/profile anonymous
2025-05-03 16:11:54,191 [INFO] server responded to 172.20.0.5 with 200
2025-05-03 16:12:25,593 [INFO] 172.20.0.5 POST /api/auth/avatar anonymous
2025-05-03 16:12:25,609 [INFO] server responded to 172.20.0.5 with 200
2025-05-03 16:12:25,626 [INFO] 172.20.0.5 GET /api/auth/profile anonymous
2025-05-03 16:12:25,630 [INFO] server responded to 172.20.0.5 with 200
2025-05-03 16:13:22,943 [INFO] 172.20.0.5 POST /api/auth/login anonymous
2025-05-03 16:13:23,322 [INFO] server responded to 172.20.0.5 with 200
2025-05-03 16:24:57,155 [INFO] 172.20.0.5 POST /api/auth/login anonymous
2025-05-03 16:24:57,537 [INFO] server responded to 172.20.0.5 with 200
2025-05-03 16:25:40,444 [INFO] 172.20.0.5 GET /api/auth/profile anonymous
2025-05-03 16:25:40,447 [INFO] server responded to 172.20.0.5 with 200
2025-05-03 16:25:47,944 [INFO] 172.20.0.5 POST /api/auth/avatar anonymous
2025-05-03 16:25:48,004 [INFO] server responded to 172.20.0.5 with 200
2025-05-03 16:25:48,017 [INFO] 172.20.0.5 GET /api/auth/profile anonymous
2025-05-03 16:25:48,021 [INFO] server responded to 172.20.0.5 with 200
2025-05-03 16:26:33,888 [INFO] 172.20.0.5 GET /api/auth/profile anonymous
2025-05-03 16:26:33,893 [INFO] server responded to 172.20.0.5 with 200
2025-05-03 16:26:40,649 [INFO] 172.20.0.5 GET /api/auth/profile anonymous
2025-05-03 16:26:40,651 [INFO] server responded to 172.20.0.5 with 200
2025-05-03 16:26:59,607 [INFO] 172.20.0.5 POST /api/auth/avatar anonymous
2025-05-03 16:26:59,665 [INFO] server responded to 172.20.0.5 with 200
2025-05-03 16:26:59,677 [INFO] 172.20.0.5 GET /api/auth/profile anonymous
2025-05-03 16:26:59,679 [INFO] server responded to 172.20.0.5 with 200
2025-05-03 16:30:55,018 [INFO] 172.20.0.5 GET /api/auth/profile anonymous
2025-05-03 16:30:55,023 [INFO] server responded to 172.20.0.5 with 200
2025-05-03 16:31:05,114 [INFO] 172.20.0.5 POST /api/auth/avatar anonymous
2025-05-03 16:31:05,138 [INFO] server responded to 172.20.0.5 with 200
2025-05-03 16:31:05,149 [INFO] 172.20.0.5 GET /api/auth/profile anonymous
2025-05-03 16:31:05,151 [INFO] server responded to 172.20.0.5 with 200
2025-05-03 16:32:31,360 [INFO] 172.20.0.5 POST /api/auth/avatar anonymous
2025-05-03 16:32:31,375 [INFO] server responded to 172.20.0.5 with 200
2025-05-03 16:32:31,398 [INFO] 172.20.0.5 GET /api/auth/profile anonymous
2025-05-03 16:32:31,400 [INFO] server responded to 172.20.0.5 with 200
2025-05-03 16:32:54,057 [INFO] 172.20.0.5 POST /api/auth/avatar anonymous
2025-05-03 16:32:54,100 [INFO] server responded to 172.20.0.5 with 200
2025-05-03 16:32:54,112 [INFO] 172.20.0.5 GET /api/auth/profile anonymous
2025-05-03 16:32:54,114 [INFO] server responded to 172.20.0.5 with 200
2025-05-03 16:33:05,592 [INFO] 172.20.0.5 POST /api/auth/login anonymous
2025-05-03 16:33:05,966 [INFO] server responded to 172.20.0.5 with 200
2025-05-03 16:33:09,479 [INFO] 172.20.0.5 GET /api/auth/profile anonymous
2025-05-03 16:33:09,482 [INFO] server responded to 172.20.0.5 with 200
